<?xml version="1.0" encoding="UTF-8"?>
<testsuite name="me.shinsunyoung.springbootdeveloper.config.jwt.TokenProviderTest" tests="5" skipped="0" failures="0" errors="0" timestamp="2024-05-16T01:52:29" hostname="yungibeom-ui-MacBookAir.local" time="0.399">
  <properties/>
  <testcase name="validToken(): 유효한 토큰인 경우에 유효성 검증에 성공한다." classname="me.shinsunyoung.springbootdeveloper.config.jwt.TokenProviderTest" time="0.348"/>
  <testcase name="validToken(): 만료된 토큰인 경우에 유효성 검증에 실패한다." classname="me.shinsunyoung.springbootdeveloper.config.jwt.TokenProviderTest" time="0.003"/>
  <testcase name="getAuthentication(): 토큰 기반으로 인증정보를 가져올 수 있다." classname="me.shinsunyoung.springbootdeveloper.config.jwt.TokenProviderTest" time="0.005"/>
  <testcase name="getUserId(): 토큰으로 유저 ID를 가져올 수 있다." classname="me.shinsunyoung.springbootdeveloper.config.jwt.TokenProviderTest" time="0.006"/>
  <testcase name="generateToken(): 유저 정보와 만료 기간을 전달해 토큰을 만들 수 있다." classname="me.shinsunyoung.springbootdeveloper.config.jwt.TokenProviderTest" time="0.036"/>
  <system-out><![CDATA[10:52:27.124 [Test worker] INFO org.springframework.test.context.support.AnnotationConfigContextLoaderUtils -- Could not detect default configuration classes for test class [me.shinsunyoung.springbootdeveloper.config.jwt.TokenProviderTest]: TokenProviderTest does not declare any static, non-private, non-final, nested classes annotated with @Configuration.
10:52:27.179 [Test worker] INFO org.springframework.boot.test.context.SpringBootTestContextBootstrapper -- Found @SpringBootConfiguration me.shinsunyoung.springbootdeveloper.SpringBootDeveloperApplication for test class me.shinsunyoung.springbootdeveloper.config.jwt.TokenProviderTest

  .   ____          _            __ _ _
 /\\ / ___'_ __ _ _(_)_ __  __ _ \ \ \ \
( ( )\___ | '_ | '_| | '_ \/ _` | \ \ \ \
 \\/  ___)| |_)| | | | | || (_| |  ) ) ) )
  '  |____| .__|_| |_|_| |_\__, | / / / /
 =========|_|==============|___/=/_/_/_/
 :: Spring Boot ::                (v3.2.0)

2024-05-16T10:52:27.365+09:00  INFO 4153 --- [    Test worker] m.s.s.config.jwt.TokenProviderTest       : Starting TokenProviderTest using Java 17.0.10 with PID 4153 (started by yoon in /Users/yoon/Desktop/workspace/스프링/blog/springboot-developer-2rd/chapter10)
2024-05-16T10:52:27.365+09:00  INFO 4153 --- [    Test worker] m.s.s.config.jwt.TokenProviderTest       : No active profile set, falling back to 1 default profile: "default"
2024-05-16T10:52:27.670+09:00  INFO 4153 --- [    Test worker] .s.d.r.c.RepositoryConfigurationDelegate : Bootstrapping Spring Data JPA repositories in DEFAULT mode.
2024-05-16T10:52:27.700+09:00  INFO 4153 --- [    Test worker] .s.d.r.c.RepositoryConfigurationDelegate : Finished Spring Data repository scanning in 27 ms. Found 3 JPA repository interfaces.
2024-05-16T10:52:27.897+09:00  INFO 4153 --- [    Test worker] com.zaxxer.hikari.HikariDataSource       : HikariPool-1 - Starting...
2024-05-16T10:52:27.975+09:00  INFO 4153 --- [    Test worker] com.zaxxer.hikari.pool.HikariPool        : HikariPool-1 - Added connection conn0: url=jdbc:h2:mem:d540c544-66ce-49a5-a12a-47c3e04a8d26 user=SA
2024-05-16T10:52:27.976+09:00  INFO 4153 --- [    Test worker] com.zaxxer.hikari.HikariDataSource       : HikariPool-1 - Start completed.
2024-05-16T10:52:28.000+09:00  INFO 4153 --- [    Test worker] o.hibernate.jpa.internal.util.LogHelper  : HHH000204: Processing PersistenceUnitInfo [name: default]
2024-05-16T10:52:28.021+09:00  INFO 4153 --- [    Test worker] org.hibernate.Version                    : HHH000412: Hibernate ORM core version 6.3.1.Final
2024-05-16T10:52:28.034+09:00  INFO 4153 --- [    Test worker] o.h.c.internal.RegionFactoryInitiator    : HHH000026: Second-level cache disabled
2024-05-16T10:52:28.129+09:00  INFO 4153 --- [    Test worker] o.s.o.j.p.SpringPersistenceUnitInfo      : No LoadTimeWeaver setup: ignoring JPA class transformer
2024-05-16T10:52:28.501+09:00  INFO 4153 --- [    Test worker] o.h.e.t.j.p.i.JtaPlatformInitiator       : HHH000489: No JTA platform available (set 'hibernate.transaction.jta.platform' to enable JTA platform integration)
Hibernate: 
    drop table if exists article cascade 
Hibernate: 
    drop table if exists refresh_token cascade 
Hibernate: 
    drop table if exists users cascade 
Hibernate: 
    create table article (
        created_at timestamp(6),
        id bigint generated by default as identity,
        updated_at timestamp(6),
        author varchar(255) not null,
        content varchar(255) not null,
        title varchar(255) not null,
        primary key (id)
    )
Hibernate: 
    create table refresh_token (
        id bigint generated by default as identity,
        user_id bigint not null unique,
        refresh_token varchar(255) not null,
        primary key (id)
    )
Hibernate: 
    create table users (
        id bigint generated by default as identity,
        email varchar(255) not null unique,
        nickname varchar(255) unique,
        password varchar(255),
        primary key (id)
    )
2024-05-16T10:52:28.521+09:00  INFO 4153 --- [    Test worker] j.LocalContainerEntityManagerFactoryBean : Initialized JPA EntityManagerFactory for persistence unit 'default'
2024-05-16T10:52:28.734+09:00  WARN 4153 --- [    Test worker] JpaBaseConfiguration$JpaWebConfiguration : spring.jpa.open-in-view is enabled by default. Therefore, database queries may be performed during view rendering. Explicitly configure spring.jpa.open-in-view to disable this warning
2024-05-16T10:52:28.937+09:00  INFO 4153 --- [    Test worker] o.s.s.web.DefaultSecurityFilterChain     : Will secure any request with [org.springframework.security.web.session.DisableEncodeUrlFilter@5ae6119b, org.springframework.security.web.context.request.async.WebAsyncManagerIntegrationFilter@31b6eec8, org.springframework.security.web.context.SecurityContextHolderFilter@61c11339, org.springframework.security.web.header.HeaderWriterFilter@33efa7d4, org.springframework.web.filter.CorsFilter@3abd7b20, org.springframework.security.oauth2.client.web.OAuth2AuthorizationRequestRedirectFilter@1f138b74, org.springframework.security.oauth2.client.web.OAuth2LoginAuthenticationFilter@4545cfc0, me.shinsunyoung.springbootdeveloper.config.TokenAuthenticationFilter@1f596988, org.springframework.security.web.savedrequest.RequestCacheAwareFilter@5d3d5242, org.springframework.security.web.servletapi.SecurityContextHolderAwareRequestFilter@1a5c0b8, org.springframework.security.web.authentication.AnonymousAuthenticationFilter@329a27ae, org.springframework.security.web.session.SessionManagementFilter@356cb230, org.springframework.security.web.access.ExceptionTranslationFilter@41ae9f11, org.springframework.security.web.access.intercept.FilterSecurityInterceptor@60ae950f]
2024-05-16T10:52:29.052+09:00  INFO 4153 --- [    Test worker] o.s.b.a.h2.H2ConsoleAutoConfiguration    : H2 console available at '/h2-console'. Database available at 'jdbc:h2:mem:d540c544-66ce-49a5-a12a-47c3e04a8d26'
2024-05-16T10:52:29.073+09:00  WARN 4153 --- [    Test worker] o.s.s.c.a.web.builders.WebSecurity       : You are asking Spring Security to ignore org.springframework.boot.autoconfigure.security.servlet.PathRequest$H2ConsoleRequestMatcher@ab11e76. This is not recommended -- please use permitAll via HttpSecurity#authorizeHttpRequests instead.
2024-05-16T10:52:29.073+09:00  INFO 4153 --- [    Test worker] o.s.s.web.DefaultSecurityFilterChain     : Will not secure org.springframework.boot.autoconfigure.security.servlet.PathRequest$H2ConsoleRequestMatcher@ab11e76
2024-05-16T10:52:29.073+09:00  WARN 4153 --- [    Test worker] o.s.s.c.a.web.builders.WebSecurity       : You are asking Spring Security to ignore Ant [pattern='/img/**']. This is not recommended -- please use permitAll via HttpSecurity#authorizeHttpRequests instead.
2024-05-16T10:52:29.073+09:00  INFO 4153 --- [    Test worker] o.s.s.web.DefaultSecurityFilterChain     : Will not secure Ant [pattern='/img/**']
2024-05-16T10:52:29.073+09:00  WARN 4153 --- [    Test worker] o.s.s.c.a.web.builders.WebSecurity       : You are asking Spring Security to ignore Ant [pattern='/css/**']. This is not recommended -- please use permitAll via HttpSecurity#authorizeHttpRequests instead.
2024-05-16T10:52:29.073+09:00  INFO 4153 --- [    Test worker] o.s.s.web.DefaultSecurityFilterChain     : Will not secure Ant [pattern='/css/**']
2024-05-16T10:52:29.073+09:00  WARN 4153 --- [    Test worker] o.s.s.c.a.web.builders.WebSecurity       : You are asking Spring Security to ignore Ant [pattern='/js/**']. This is not recommended -- please use permitAll via HttpSecurity#authorizeHttpRequests instead.
2024-05-16T10:52:29.073+09:00  INFO 4153 --- [    Test worker] o.s.s.web.DefaultSecurityFilterChain     : Will not secure Ant [pattern='/js/**']
2024-05-16T10:52:29.099+09:00  INFO 4153 --- [    Test worker] m.s.s.config.jwt.TokenProviderTest       : Started TokenProviderTest in 1.85 seconds (process running for 2.38)
Hibernate: 
    insert 
    into
        users
        (email, nickname, password, id) 
    values
        (?, ?, ?, default)
]]></system-out>
  <system-err><![CDATA[]]></system-err>
</testsuite>
